{"uuid":"1a8d97f7-9197-4ffe-a80f-28d3b0b2c6de","historyId":"e577b978a88f20be5ac49cae613e3866","testCaseId":"[engine:junit-jupiter]/[class:com.safina.lyudmila.tests.ui.playwrightframework.tests.AgGridTest]/[method:checkTableExist()]","testCaseName":"checkTableExist()","fullName":"com.safina.lyudmila.tests.ui.playwrightframework.tests.AgGridTest.checkTableExist","labels":[{"name":"junit.platform.uniqueid","value":"[engine:junit-jupiter]/[class:com.safina.lyudmila.tests.ui.playwrightframework.tests.AgGridTest]/[method:checkTableExist()]"},{"name":"host","value":"DESKTOP-BEUPB1Q"},{"name":"thread","value":"17004@DESKTOP-BEUPB1Q.main(1)"},{"name":"framework","value":"junit-platform"},{"name":"language","value":"java"},{"name":"package","value":"com.safina.lyudmila.tests.ui.playwrightframework.tests.AgGridTest"},{"name":"testClass","value":"com.safina.lyudmila.tests.ui.playwrightframework.tests.AgGridTest"},{"name":"testMethod","value":"checkTableExist"},{"name":"suite","value":"com.safina.lyudmila.tests.ui.playwrightframework.tests.AgGridTest"}],"links":[],"name":"checkTableExist()","status":"broken","statusDetails":{"known":false,"muted":false,"flaky":false,"message":"Error {\n  message='TypeError: element.scrollLeft is not a function\n    at eval (eval at evaluate (:178:30), <anonymous>:1:58)\n    at eval (<anonymous>)\n    at UtilityScript.evaluate (<anonymous>:178:30)\n    at UtilityScript.<anonymous> (<anonymous>:1:44)\n  name='Error\n  stack='Error: TypeError: element.scrollLeft is not a function\n    at eval (eval at evaluate (:178:30), <anonymous>:1:58)\n    at eval (<anonymous>)\n    at UtilityScript.evaluate (<anonymous>:178:30)\n    at UtilityScript.<anonymous> (<anonymous>:1:44)\n    at CRExecutionContext.evaluateWithArguments (C:\\Users\\Lita\\AppData\\Local\\Temp\\playwright-java-14726708000118691969\\package\\lib\\server\\chromium\\crExecutionContext.js:103:33)\n    at async evaluateExpression (C:\\Users\\Lita\\AppData\\Local\\Temp\\playwright-java-14726708000118691969\\package\\lib\\server\\javascript.js:264:12)\n    at async FrameManager.waitForSignalsCreatedBy (C:\\Users\\Lita\\AppData\\Local\\Temp\\playwright-java-14726708000118691969\\package\\lib\\server\\frames.js:137:20)\n    at async evaluateExpressionAndWaitForSignals (C:\\Users\\Lita\\AppData\\Local\\Temp\\playwright-java-14726708000118691969\\package\\lib\\server\\javascript.js:271:10)\n    at async ElementHandle.evaluateExpressionAndWaitForSignals (C:\\Users\\Lita\\AppData\\Local\\Temp\\playwright-java-14726708000118691969\\package\\lib\\server\\javascript.js:151:19)\n    at async ElementHandleDispatcher.evaluateExpression (C:\\Users\\Lita\\AppData\\Local\\Temp\\playwright-java-14726708000118691969\\package\\lib\\server\\dispatchers\\jsHandleDispatcher.js:47:30)\n    at async DispatcherConnection.dispatch (C:\\Users\\Lita\\AppData\\Local\\Temp\\playwright-java-14726708000118691969\\package\\lib\\server\\dispatchers\\dispatcher.js:352:22)\n}","trace":"com.microsoft.playwright.PlaywrightException: Error {\n  message='TypeError: element.scrollLeft is not a function\n    at eval (eval at evaluate (:178:30), <anonymous>:1:58)\n    at eval (<anonymous>)\n    at UtilityScript.evaluate (<anonymous>:178:30)\n    at UtilityScript.<anonymous> (<anonymous>:1:44)\n  name='Error\n  stack='Error: TypeError: element.scrollLeft is not a function\n    at eval (eval at evaluate (:178:30), <anonymous>:1:58)\n    at eval (<anonymous>)\n    at UtilityScript.evaluate (<anonymous>:178:30)\n    at UtilityScript.<anonymous> (<anonymous>:1:44)\n    at CRExecutionContext.evaluateWithArguments (C:\\Users\\Lita\\AppData\\Local\\Temp\\playwright-java-14726708000118691969\\package\\lib\\server\\chromium\\crExecutionContext.js:103:33)\n    at async evaluateExpression (C:\\Users\\Lita\\AppData\\Local\\Temp\\playwright-java-14726708000118691969\\package\\lib\\server\\javascript.js:264:12)\n    at async FrameManager.waitForSignalsCreatedBy (C:\\Users\\Lita\\AppData\\Local\\Temp\\playwright-java-14726708000118691969\\package\\lib\\server\\frames.js:137:20)\n    at async evaluateExpressionAndWaitForSignals (C:\\Users\\Lita\\AppData\\Local\\Temp\\playwright-java-14726708000118691969\\package\\lib\\server\\javascript.js:271:10)\n    at async ElementHandle.evaluateExpressionAndWaitForSignals (C:\\Users\\Lita\\AppData\\Local\\Temp\\playwright-java-14726708000118691969\\package\\lib\\server\\javascript.js:151:19)\n    at async ElementHandleDispatcher.evaluateExpression (C:\\Users\\Lita\\AppData\\Local\\Temp\\playwright-java-14726708000118691969\\package\\lib\\server\\dispatchers\\jsHandleDispatcher.js:47:30)\n    at async DispatcherConnection.dispatch (C:\\Users\\Lita\\AppData\\Local\\Temp\\playwright-java-14726708000118691969\\package\\lib\\server\\dispatchers\\dispatcher.js:352:22)\n}\r\n\tat com.microsoft.playwright.impl.WaitableResult.get(WaitableResult.java:54)\r\n\tat com.microsoft.playwright.impl.ChannelOwner.runUntil(ChannelOwner.java:103)\r\n\tat com.microsoft.playwright.impl.Connection.sendMessage(Connection.java:105)\r\n\tat com.microsoft.playwright.impl.ChannelOwner.sendMessage(ChannelOwner.java:94)\r\n\tat com.microsoft.playwright.impl.JSHandleImpl.lambda$evaluate$1(JSHandleImpl.java:54)\r\n\tat com.microsoft.playwright.impl.LoggingSupport.withLogging(LoggingSupport.java:47)\r\n\tat com.microsoft.playwright.impl.ChannelOwner.withLogging(ChannelOwner.java:79)\r\n\tat com.microsoft.playwright.impl.JSHandleImpl.evaluate(JSHandleImpl.java:49)\r\n\tat com.microsoft.playwright.impl.LocatorImpl.lambda$evaluate$1(LocatorImpl.java:184)\r\n\tat com.microsoft.playwright.impl.LocatorImpl.withElement(LocatorImpl.java:96)\r\n\tat com.microsoft.playwright.impl.LocatorImpl.evaluate(LocatorImpl.java:184)\r\n\tat com.microsoft.playwright.Locator.evaluate(Locator.java:1947)\r\n\tat com.microsoft.playwright.Locator.evaluate(Locator.java:1968)\r\n\tat com.safina.lyudmila.tests.ui.playwrightframework.tests.AgGridTest.checkTableExist(AgGridTest.java:16)\r\n\tat java.base/jdk.internal.reflect.NativeMethodAccessorImpl.invoke0(Native Method)\r\n\tat java.base/jdk.internal.reflect.NativeMethodAccessorImpl.invoke(NativeMethodAccessorImpl.java:77)\r\n\tat java.base/jdk.internal.reflect.DelegatingMethodAccessorImpl.invoke(DelegatingMethodAccessorImpl.java:43)\r\n\tat java.base/java.lang.reflect.Method.invoke(Method.java:568)\r\n\tat org.junit.platform.commons.util.ReflectionUtils.invokeMethod(ReflectionUtils.java:725)\r\n\tat org.junit.jupiter.engine.execution.MethodInvocation.proceed(MethodInvocation.java:60)\r\n\tat org.junit.jupiter.engine.execution.InvocationInterceptorChain$ValidatingInvocation.proceed(InvocationInterceptorChain.java:131)\r\n\tat org.junit.jupiter.engine.extension.TimeoutExtension.intercept(TimeoutExtension.java:149)\r\n\tat org.junit.jupiter.engine.extension.TimeoutExtension.interceptTestableMethod(TimeoutExtension.java:140)\r\n\tat org.junit.jupiter.engine.extension.TimeoutExtension.interceptTestMethod(TimeoutExtension.java:84)\r\n\tat org.junit.jupiter.engine.execution.InterceptingExecutableInvoker$ReflectiveInterceptorCall.lambda$ofVoidMethod$0(InterceptingExecutableInvoker.java:103)\r\n\tat org.junit.jupiter.engine.execution.InterceptingExecutableInvoker.lambda$invoke$0(InterceptingExecutableInvoker.java:93)\r\n\tat org.junit.jupiter.engine.execution.InvocationInterceptorChain$InterceptedInvocation.proceed(InvocationInterceptorChain.java:106)\r\n\tat org.junit.jupiter.engine.execution.InvocationInterceptorChain.proceed(InvocationInterceptorChain.java:64)\r\n\tat org.junit.jupiter.engine.execution.InvocationInterceptorChain.chainAndInvoke(InvocationInterceptorChain.java:45)\r\n\tat org.junit.jupiter.engine.execution.InvocationInterceptorChain.invoke(InvocationInterceptorChain.java:37)\r\n\tat org.junit.jupiter.engine.execution.InterceptingExecutableInvoker.invoke(InterceptingExecutableInvoker.java:92)\r\n\tat org.junit.jupiter.engine.execution.InterceptingExecutableInvoker.invoke(InterceptingExecutableInvoker.java:86)\r\n\tat org.junit.jupiter.engine.descriptor.TestMethodTestDescriptor.lambda$invokeTestMethod$7(TestMethodTestDescriptor.java:217)\r\n\tat org.junit.platform.engine.support.hierarchical.ThrowableCollector.execute(ThrowableCollector.java:73)\r\n\tat org.junit.jupiter.engine.descriptor.TestMethodTestDescriptor.invokeTestMethod(TestMethodTestDescriptor.java:213)\r\n\tat org.junit.jupiter.engine.descriptor.TestMethodTestDescriptor.execute(TestMethodTestDescriptor.java:138)\r\n\tat org.junit.jupiter.engine.descriptor.TestMethodTestDescriptor.execute(TestMethodTestDescriptor.java:68)\r\n\tat org.junit.platform.engine.support.hierarchical.NodeTestTask.lambda$executeRecursively$6(NodeTestTask.java:151)\r\n\tat org.junit.platform.engine.support.hierarchical.ThrowableCollector.execute(ThrowableCollector.java:73)\r\n\tat org.junit.platform.engine.support.hierarchical.NodeTestTask.lambda$executeRecursively$8(NodeTestTask.java:141)\r\n\tat org.junit.platform.engine.support.hierarchical.Node.around(Node.java:137)\r\n\tat org.junit.platform.engine.support.hierarchical.NodeTestTask.lambda$executeRecursively$9(NodeTestTask.java:139)\r\n\tat org.junit.platform.engine.support.hierarchical.ThrowableCollector.execute(ThrowableCollector.java:73)\r\n\tat org.junit.platform.engine.support.hierarchical.NodeTestTask.executeRecursively(NodeTestTask.java:138)\r\n\tat org.junit.platform.engine.support.hierarchical.NodeTestTask.execute(NodeTestTask.java:95)\r\n\tat java.base/java.util.ArrayList.forEach(ArrayList.java:1511)\r\n\tat org.junit.platform.engine.support.hierarchical.SameThreadHierarchicalTestExecutorService.invokeAll(SameThreadHierarchicalTestExecutorService.java:41)\r\n\tat org.junit.platform.engine.support.hierarchical.NodeTestTask.lambda$executeRecursively$6(NodeTestTask.java:155)\r\n\tat org.junit.platform.engine.support.hierarchical.ThrowableCollector.execute(ThrowableCollector.java:73)\r\n\tat org.junit.platform.engine.support.hierarchical.NodeTestTask.lambda$executeRecursively$8(NodeTestTask.java:141)\r\n\tat org.junit.platform.engine.support.hierarchical.Node.around(Node.java:137)\r\n\tat org.junit.platform.engine.support.hierarchical.NodeTestTask.lambda$executeRecursively$9(NodeTestTask.java:139)\r\n\tat org.junit.platform.engine.support.hierarchical.ThrowableCollector.execute(ThrowableCollector.java:73)\r\n\tat org.junit.platform.engine.support.hierarchical.NodeTestTask.executeRecursively(NodeTestTask.java:138)\r\n\tat org.junit.platform.engine.support.hierarchical.NodeTestTask.execute(NodeTestTask.java:95)\r\n\tat java.base/java.util.ArrayList.forEach(ArrayList.java:1511)\r\n\tat org.junit.platform.engine.support.hierarchical.SameThreadHierarchicalTestExecutorService.invokeAll(SameThreadHierarchicalTestExecutorService.java:41)\r\n\tat org.junit.platform.engine.support.hierarchical.NodeTestTask.lambda$executeRecursively$6(NodeTestTask.java:155)\r\n\tat org.junit.platform.engine.support.hierarchical.ThrowableCollector.execute(ThrowableCollector.java:73)\r\n\tat org.junit.platform.engine.support.hierarchical.NodeTestTask.lambda$executeRecursively$8(NodeTestTask.java:141)\r\n\tat org.junit.platform.engine.support.hierarchical.Node.around(Node.java:137)\r\n\tat org.junit.platform.engine.support.hierarchical.NodeTestTask.lambda$executeRecursively$9(NodeTestTask.java:139)\r\n\tat org.junit.platform.engine.support.hierarchical.ThrowableCollector.execute(ThrowableCollector.java:73)\r\n\tat org.junit.platform.engine.support.hierarchical.NodeTestTask.executeRecursively(NodeTestTask.java:138)\r\n\tat org.junit.platform.engine.support.hierarchical.NodeTestTask.execute(NodeTestTask.java:95)\r\n\tat org.junit.platform.engine.support.hierarchical.SameThreadHierarchicalTestExecutorService.submit(SameThreadHierarchicalTestExecutorService.java:35)\r\n\tat org.junit.platform.engine.support.hierarchical.HierarchicalTestExecutor.execute(HierarchicalTestExecutor.java:57)\r\n\tat org.junit.platform.engine.support.hierarchical.HierarchicalTestEngine.execute(HierarchicalTestEngine.java:54)\r\n\tat org.junit.platform.launcher.core.EngineExecutionOrchestrator.execute(EngineExecutionOrchestrator.java:107)\r\n\tat org.junit.platform.launcher.core.EngineExecutionOrchestrator.execute(EngineExecutionOrchestrator.java:88)\r\n\tat org.junit.platform.launcher.core.EngineExecutionOrchestrator.lambda$execute$0(EngineExecutionOrchestrator.java:54)\r\n\tat org.junit.platform.launcher.core.EngineExecutionOrchestrator.withInterceptedStreams(EngineExecutionOrchestrator.java:67)\r\n\tat org.junit.platform.launcher.core.EngineExecutionOrchestrator.execute(EngineExecutionOrchestrator.java:52)\r\n\tat org.junit.platform.launcher.core.DefaultLauncher.execute(DefaultLauncher.java:114)\r\n\tat org.junit.platform.launcher.core.DefaultLauncher.execute(DefaultLauncher.java:86)\r\n\tat org.junit.platform.launcher.core.DefaultLauncherSession$DelegatingLauncher.execute(DefaultLauncherSession.java:86)\r\n\tat org.junit.platform.launcher.core.SessionPerRequestLauncher.execute(SessionPerRequestLauncher.java:53)\r\n\tat com.intellij.junit5.JUnit5IdeaTestRunner.startRunnerWithArgs(JUnit5IdeaTestRunner.java:71)\r\n\tat com.intellij.rt.junit.IdeaTestRunner$Repeater.startRunnerWithArgs(IdeaTestRunner.java:33)\r\n\tat com.intellij.rt.junit.JUnitStarter.prepareStreamsAndStart(JUnitStarter.java:220)\r\n\tat com.intellij.rt.junit.JUnitStarter.main(JUnitStarter.java:53)\r\nCaused by: com.microsoft.playwright.impl.DriverException: Error {\n  message='TypeError: element.scrollLeft is not a function\n    at eval (eval at evaluate (:178:30), <anonymous>:1:58)\n    at eval (<anonymous>)\n    at UtilityScript.evaluate (<anonymous>:178:30)\n    at UtilityScript.<anonymous> (<anonymous>:1:44)\n  name='Error\n  stack='Error: TypeError: element.scrollLeft is not a function\n    at eval (eval at evaluate (:178:30), <anonymous>:1:58)\n    at eval (<anonymous>)\n    at UtilityScript.evaluate (<anonymous>:178:30)\n    at UtilityScript.<anonymous> (<anonymous>:1:44)\n    at CRExecutionContext.evaluateWithArguments (C:\\Users\\Lita\\AppData\\Local\\Temp\\playwright-java-14726708000118691969\\package\\lib\\server\\chromium\\crExecutionContext.js:103:33)\n    at async evaluateExpression (C:\\Users\\Lita\\AppData\\Local\\Temp\\playwright-java-14726708000118691969\\package\\lib\\server\\javascript.js:264:12)\n    at async FrameManager.waitForSignalsCreatedBy (C:\\Users\\Lita\\AppData\\Local\\Temp\\playwright-java-14726708000118691969\\package\\lib\\server\\frames.js:137:20)\n    at async evaluateExpressionAndWaitForSignals (C:\\Users\\Lita\\AppData\\Local\\Temp\\playwright-java-14726708000118691969\\package\\lib\\server\\javascript.js:271:10)\n    at async ElementHandle.evaluateExpressionAndWaitForSignals (C:\\Users\\Lita\\AppData\\Local\\Temp\\playwright-java-14726708000118691969\\package\\lib\\server\\javascript.js:151:19)\n    at async ElementHandleDispatcher.evaluateExpression (C:\\Users\\Lita\\AppData\\Local\\Temp\\playwright-java-14726708000118691969\\package\\lib\\server\\dispatchers\\jsHandleDispatcher.js:47:30)\n    at async DispatcherConnection.dispatch (C:\\Users\\Lita\\AppData\\Local\\Temp\\playwright-java-14726708000118691969\\package\\lib\\server\\dispatchers\\dispatcher.js:352:22)\n}\r\n\tat com.microsoft.playwright.impl.Connection.dispatch(Connection.java:183)\r\n\tat com.microsoft.playwright.impl.Connection.processOneMessage(Connection.java:163)\r\n\tat com.microsoft.playwright.impl.ChannelOwner.runUntil(ChannelOwner.java:101)\r\n\t... 79 more\r\n"},"stage":"finished","description":"","steps":[],"attachments":[],"parameters":[],"start":1655995685800,"stop":1655995690804}